Logfile initialized
[INFO] logfile = /src/stagey_mobile/build.log
[DEBUG] /Users/benhill/Library/Application Support/Titanium/mobilesdk/osx/3.0.2.GA/android/builder.py distribute Fringe 2013 /Users/benhill/android-sdk-macosx /src/stagey_mobile com.hff.mobile /Users/benhill/Dropbox/BenHill/Stagey/Certs/AndroidKey/AndroidKey Elsinore1 stagey-key /Users/benhill/Dropbox/Public/Android
[INFO] Titanium SDK version: 3.0.2 (02/15/13 19:02 5a77fe7)
[INFO] Copying CommonJS modules...
[INFO] Copying project resources..
[TRACE] COPYING MODIFIED FILE: /src/stagey_mobile/Resources/android/appicon.png => /src/stagey_mobile/build/android/bin/assets/Resources/appicon.png
[TRACE] Generating Java Classes
[DEBUG] Processing Android resource drawables
[TRACE] COPYING FILE: /src/stagey_mobile/Resources/android/images/res-long-land-hdpi/bg.png => /src/stagey_mobile/build/android/res/drawable-long-land-hdpi/bg_348a87abc5.png
[TRACE] COPYING FILE: /src/stagey_mobile/Resources/android/images/res-long-land-hdpi/Default.png => /src/stagey_mobile/build/android/res/drawable-long-land-hdpi/default_d44e27d97b.png
[TRACE] COPYING FILE: /src/stagey_mobile/Resources/android/images/res-long-land-ldpi/bg.png => /src/stagey_mobile/build/android/res/drawable-long-land-ldpi/bg_348a87abc5.png
[TRACE] COPYING FILE: /src/stagey_mobile/Resources/android/images/res-long-land-ldpi/Default.png => /src/stagey_mobile/build/android/res/drawable-long-land-ldpi/default_d44e27d97b.png
[TRACE] COPYING FILE: /src/stagey_mobile/Resources/android/images/res-long-port-hdpi/bg.png => /src/stagey_mobile/build/android/res/drawable-long-port-hdpi/bg_348a87abc5.png
[TRACE] COPYING FILE: /src/stagey_mobile/Resources/android/images/res-long-port-hdpi/Default.png => /src/stagey_mobile/build/android/res/drawable-long-port-hdpi/default_d44e27d97b.png
[TRACE] COPYING FILE: /src/stagey_mobile/Resources/android/images/res-long-port-ldpi/bg.png => /src/stagey_mobile/build/android/res/drawable-long-port-ldpi/bg_348a87abc5.png
[TRACE] COPYING FILE: /src/stagey_mobile/Resources/android/images/res-long-port-ldpi/Default.png => /src/stagey_mobile/build/android/res/drawable-long-port-ldpi/default_d44e27d97b.png
[TRACE] COPYING FILE: /src/stagey_mobile/Resources/android/images/res-notlong-land-hdpi/bg.png => /src/stagey_mobile/build/android/res/drawable-notlong-land-hdpi/bg_348a87abc5.png
[TRACE] COPYING FILE: /src/stagey_mobile/Resources/android/images/res-notlong-land-hdpi/Default.png => /src/stagey_mobile/build/android/res/drawable-notlong-land-hdpi/default_d44e27d97b.png
[TRACE] COPYING FILE: /src/stagey_mobile/Resources/android/images/res-notlong-land-ldpi/bg.png => /src/stagey_mobile/build/android/res/drawable-notlong-land-ldpi/bg_348a87abc5.png
[TRACE] COPYING FILE: /src/stagey_mobile/Resources/android/images/res-notlong-land-ldpi/Default.png => /src/stagey_mobile/build/android/res/drawable-notlong-land-ldpi/default_d44e27d97b.png
[TRACE] COPYING FILE: /src/stagey_mobile/Resources/android/images/res-notlong-land-mdpi/bg.png => /src/stagey_mobile/build/android/res/drawable-notlong-land-mdpi/bg_348a87abc5.png
[TRACE] COPYING FILE: /src/stagey_mobile/Resources/android/images/res-notlong-land-mdpi/Default.png => /src/stagey_mobile/build/android/res/drawable-notlong-land-mdpi/default_d44e27d97b.png
[TRACE] COPYING FILE: /src/stagey_mobile/Resources/android/images/res-notlong-port-hdpi/bg.png => /src/stagey_mobile/build/android/res/drawable-notlong-port-hdpi/bg_348a87abc5.png
[TRACE] COPYING FILE: /src/stagey_mobile/Resources/android/images/res-notlong-port-hdpi/Default.png => /src/stagey_mobile/build/android/res/drawable-notlong-port-hdpi/default_d44e27d97b.png
[TRACE] COPYING FILE: /src/stagey_mobile/Resources/android/images/res-notlong-port-ldpi/bg.png => /src/stagey_mobile/build/android/res/drawable-notlong-port-ldpi/bg_348a87abc5.png
[TRACE] COPYING FILE: /src/stagey_mobile/Resources/android/images/res-notlong-port-ldpi/Default.png => /src/stagey_mobile/build/android/res/drawable-notlong-port-ldpi/default_d44e27d97b.png
[TRACE] COPYING FILE: /src/stagey_mobile/Resources/android/images/res-notlong-port-mdpi/bg.png => /src/stagey_mobile/build/android/res/drawable-notlong-port-mdpi/bg_348a87abc5.png
[TRACE] COPYING FILE: /src/stagey_mobile/Resources/android/images/res-notlong-port-mdpi/Default.png => /src/stagey_mobile/build/android/res/drawable-notlong-port-mdpi/default_d44e27d97b.png
[DEBUG] copying app icon: /src/stagey_mobile/build/android/bin/assets/Resources/appicon.png
[DEBUG] generating theme.xml
[DEBUG] found splash screen at /src/stagey_mobile/build/android/bin/assets/Resources/default.png
[TRACE] Writing out AndroidManifest.xml
[DEBUG] adding /src/stagey_mobile/build/android/gen/com/hff/mobile/AssetCryptImpl.java to javac build list
[DEBUG] adding /src/stagey_mobile/build/android/gen/com/hff/mobile/Fringe2013Activity.java to javac build list
[DEBUG] adding /src/stagey_mobile/build/android/gen/com/hff/mobile/Fringe2013AppInfo.java to javac build list
[DEBUG] adding /src/stagey_mobile/build/android/gen/com/hff/mobile/Fringe2013Application.java to javac build list
[DEBUG] adding /src/stagey_mobile/build/android/gen/com/hff/mobile/R.java to javac build list
[DEBUG] Building Java Sources: "/src/stagey_mobile/build/android/gen/com/hff/mobile/AssetCryptImpl.java" "/src/stagey_mobile/build/android/gen/com/hff/mobile/Fringe2013Activity.java" "/src/stagey_mobile/build/android/gen/com/hff/mobile/Fringe2013AppInfo.java" "/src/stagey_mobile/build/android/gen/com/hff/mobile/Fringe2013Application.java" "/src/stagey_mobile/build/android/gen/com/hff/mobile/R.java"
[INFO] Compiling Android Resources... This could take some time
[DEBUG] Android classes.dex built
[DEBUG] creating unsigned apk: /src/stagey_mobile/build/android/bin/app-unsigned.apk
[DEBUG] from resource zip => assets/Resources/Default.png
[DEBUG] from resource zip => assets/Resources/Sharers.plist
[DEBUG] from resource zip => assets/Resources/appicon.png
[DEBUG] from resource zip => assets/app.json
[DEBUG] from resource zip => assets/index.json
[DEBUG] from resource zip => assets/tiapp.xml
[DEBUG] from resource zip => res/drawable/appicon.png
[DEBUG] from resource zip => res/drawable/background.png
[DEBUG] from resource zip => res/layout/titanium_tabgroup.xml
[DEBUG] from resource zip => AndroidManifest.xml
[DEBUG] from resource zip => resources.arsc
[DEBUG] from resource zip => res/drawable-long-land-hdpi/bg_348a87abc5.png
[DEBUG] from resource zip => res/drawable-long-land-hdpi/default_d44e27d97b.png
[DEBUG] from resource zip => res/drawable-long-land-ldpi/bg_348a87abc5.png
[DEBUG] from resource zip => res/drawable-long-land-ldpi/default_d44e27d97b.png
[DEBUG] from resource zip => res/drawable-long-port-hdpi/bg_348a87abc5.png
[DEBUG] from resource zip => res/drawable-long-port-hdpi/default_d44e27d97b.png
[DEBUG] from resource zip => res/drawable-long-port-ldpi/bg_348a87abc5.png
[DEBUG] from resource zip => res/drawable-long-port-ldpi/default_d44e27d97b.png
[DEBUG] from resource zip => res/drawable-notlong-land-hdpi/bg_348a87abc5.png
[DEBUG] from resource zip => res/drawable-notlong-land-hdpi/default_d44e27d97b.png
[DEBUG] from resource zip => res/drawable-notlong-land-ldpi/bg_348a87abc5.png
[DEBUG] from resource zip => res/drawable-notlong-land-ldpi/default_d44e27d97b.png
[DEBUG] from resource zip => res/drawable-notlong-land-mdpi/bg_348a87abc5.png
[DEBUG] from resource zip => res/drawable-notlong-land-mdpi/default_d44e27d97b.png
[DEBUG] from resource zip => res/drawable-notlong-port-hdpi/bg_348a87abc5.png
[DEBUG] from resource zip => res/drawable-notlong-port-hdpi/default_d44e27d97b.png
[DEBUG] from resource zip => res/drawable-notlong-port-ldpi/bg_348a87abc5.png
[DEBUG] from resource zip => res/drawable-notlong-port-ldpi/default_d44e27d97b.png
[DEBUG] from resource zip => res/drawable-notlong-port-mdpi/bg_348a87abc5.png
[DEBUG] from resource zip => res/drawable-notlong-port-mdpi/default_d44e27d97b.png
[DEBUG] from JAR /Users/benhill/Library/Application Support/Titanium/mobilesdk/osx/3.0.2.GA/android/titanium.jar => org/appcelerator/titanium/build.properties
[DEBUG] from JAR /Users/benhill/Library/Application Support/Titanium/mobilesdk/osx/3.0.2.GA/android/titanium.jar => org/appcelerator/titanium/res/drawable/background.png
[DEBUG] from JAR /Users/benhill/Library/Application Support/Titanium/mobilesdk/osx/3.0.2.GA/android/titanium.jar => org/appcelerator/titanium/res/drawable/btn_check_buttonless_on.png
[DEBUG] from JAR /Users/benhill/Library/Application Support/Titanium/mobilesdk/osx/3.0.2.GA/android/titanium.jar => org/appcelerator/titanium/res/drawable/btn_check_buttonless_on_18.png
[DEBUG] from JAR /Users/benhill/Library/Application Support/Titanium/mobilesdk/osx/3.0.2.GA/android/titanium.jar => org/appcelerator/titanium/res/drawable/btn_check_buttonless_on_48.png
[DEBUG] from JAR /Users/benhill/Library/Application Support/Titanium/mobilesdk/osx/3.0.2.GA/android/titanium.jar => org/appcelerator/titanium/res/drawable/btn_check_buttonless_on_64.png
[DEBUG] from JAR /Users/benhill/Library/Application Support/Titanium/mobilesdk/osx/3.0.2.GA/android/titanium.jar => org/appcelerator/titanium/res/drawable/btn_more.png
[DEBUG] from JAR /Users/benhill/Library/Application Support/Titanium/mobilesdk/osx/3.0.2.GA/android/titanium.jar => org/appcelerator/titanium/res/drawable/btn_more_18.png
[DEBUG] from JAR /Users/benhill/Library/Application Support/Titanium/mobilesdk/osx/3.0.2.GA/android/titanium.jar => org/appcelerator/titanium/res/drawable/btn_more_48.png
[DEBUG] from JAR /Users/benhill/Library/Application Support/Titanium/mobilesdk/osx/3.0.2.GA/android/titanium.jar => org/appcelerator/titanium/res/drawable/btn_more_64.png
[DEBUG] from JAR /Users/benhill/Library/Application Support/Titanium/mobilesdk/osx/3.0.2.GA/android/titanium.jar => org/appcelerator/titanium/res/drawable/btn_picker_normal.9.png
[DEBUG] from JAR /Users/benhill/Library/Application Support/Titanium/mobilesdk/osx/3.0.2.GA/android/titanium.jar => org/appcelerator/titanium/res/drawable/btn_picker_pressed.9.png
[DEBUG] from JAR /Users/benhill/Library/Application Support/Titanium/mobilesdk/osx/3.0.2.GA/android/titanium.jar => org/appcelerator/titanium/res/drawable/btn_picker_selected.9.png
[DEBUG] from JAR /Users/benhill/Library/Application Support/Titanium/mobilesdk/osx/3.0.2.GA/android/titanium.jar => org/appcelerator/titanium/res/drawable/default_icon.png
[DEBUG] from JAR /Users/benhill/Library/Application Support/Titanium/mobilesdk/osx/3.0.2.GA/android/titanium.jar => org/appcelerator/titanium/res/drawable/photoDefault.png
[DEBUG] from JAR /Users/benhill/Library/Application Support/Titanium/mobilesdk/osx/3.0.2.GA/android/thirdparty.jar => org/apache/Commons-NOTICE.txt
[DEBUG] from JAR /Users/benhill/Library/Application Support/Titanium/mobilesdk/osx/3.0.2.GA/android/thirdparty.jar => org/apache/HttpComponents-NOTICE.txt
[DEBUG] from JAR /Users/benhill/Library/Application Support/Titanium/mobilesdk/osx/3.0.2.GA/android/thirdparty.jar => org/apache/mime4j-NOTICE.txt
[DEBUG] from JAR /Users/benhill/Library/Application Support/Titanium/mobilesdk/osx/3.0.2.GA/android/modules/titanium-ui.jar => ti/modules/titanium/ui/widget/webview/binding.js
[DEBUG] from JAR /Users/benhill/Library/Application Support/Titanium/mobilesdk/osx/3.0.2.GA/android/modules/titanium-ui.jar => ti/modules/titanium/ui/widget/webview/binding.min.js
[DEBUG] from JAR /Users/benhill/Library/Application Support/Titanium/mobilesdk/osx/3.0.2.GA/android/modules/titanium-ui.jar => ti/modules/titanium/ui/widget/webview/json2.js
[DEBUG] from JAR /Users/benhill/Library/Application Support/Titanium/mobilesdk/osx/3.0.2.GA/android/modules/titanium-ui.jar => ti/modules/titanium/ui/widget/webview/polling.js
[DEBUG] from JAR /Users/benhill/Library/Application Support/Titanium/mobilesdk/osx/3.0.2.GA/android/modules/titanium-ui.jar => ti/modules/titanium/ui/widget/webview/polling.min.js
[DEBUG] installing native SDK libs
